10/13/2020 10:26:34 AM:__main__:PROGRAM STARTED
10/13/2020 10:26:34 AM:__main__:3 total subreddits to scrape.
10/13/2020 10:26:34 AM:__main__:Scraping "cats" subreddit
10/13/2020 10:26:43 AM:__main__:25 scraped for "cats"
10/13/2020 10:26:43 AM:__main__:Saving cats posts data to sqlite
10/13/2020 10:26:43 AM:__main__:Saving cats comments data to sqlite
10/13/2020 10:26:43 AM:__main__:Scraping "dogs" subreddit
10/13/2020 10:26:52 AM:__main__:25 scraped for "dogs"
10/13/2020 10:26:52 AM:__main__:Saving dogs posts data to sqlite
10/13/2020 10:26:52 AM:__main__:Saving dogs comments data to sqlite
10/13/2020 10:26:52 AM:__main__:Scraping "birds" subreddit
10/13/2020 10:27:04 AM:__main__:25 scraped for "birds"
10/13/2020 10:27:04 AM:__main__:Saving birds posts data to sqlite
10/13/2020 10:27:04 AM:__main__:Saving birds comments data to sqlite
10/13/2020 10:27:04 AM:__main__:PROGRAM FINISHED
10/13/2020 10:30:49 AM:__main__:PROGRAM STARTED
10/13/2020 10:30:49 AM:__main__:Scraping "askreddit" subreddit
10/13/2020 10:30:55 AM:__main__:25 scraped for "askreddit"
10/13/2020 10:30:55 AM:__main__:Saving askreddit posts data to csv
10/13/2020 10:37:08 AM:__main__:PROGRAM STARTED
10/13/2020 10:37:08 AM:__main__:Scraping "askreddit" subreddit
10/13/2020 10:37:13 AM:__main__:25 scraped for "askreddit"
10/13/2020 10:37:13 AM:__main__:Saving askreddit posts data to csv
10/13/2020 10:41:16 AM:__main__:PROGRAM STARTED
10/13/2020 10:41:16 AM:__main__:Scraping "askreddit" subreddit
10/13/2020 10:41:20 AM:__main__:25 scraped for "askreddit"
10/13/2020 10:41:20 AM:__main__:Saving askreddit posts data to csv
10/13/2020 10:45:27 AM:__main__:PROGRAM STARTED
10/13/2020 10:45:27 AM:__main__:Scraping "askreddit" subreddit
10/13/2020 10:45:33 AM:__main__:25 scraped for "askreddit"
10/13/2020 10:45:33 AM:__main__:Saving askreddit posts data to csv
10/13/2020 10:45:33 AM:__main__:Saving askreddit comments data to csv
10/13/2020 10:45:33 AM:__main__:PROGRAM FINISHED
10/13/2020 11:03:06 AM:__main__:PROGRAM STARTED
10/13/2020 11:03:06 AM:__main__:Scraping "python" subreddit
10/13/2020 11:03:13 AM:__main__:25 scraped for "python"
10/13/2020 11:03:13 AM:__main__:Saving python posts data to csv
10/13/2020 11:03:13 AM:__main__:Saving python comments data to csv
10/13/2020 11:03:13 AM:__main__:PROGRAM FINISHED
10/13/2020 11:05:45 AM:__main__:PROGRAM STARTED
10/13/2020 11:05:45 AM:__main__:Scraping "python" subreddit
10/13/2020 11:05:53 AM:__main__:25 scraped for "python"
10/13/2020 11:05:53 AM:__main__:Saving python posts data to csv
10/13/2020 11:05:53 AM:__main__:PROGRAM FINISHED
10/13/2020 11:07:56 AM:__main__:PROGRAM STARTED
10/13/2020 11:07:56 AM:__main__:Scraping "python" subreddit
10/13/2020 11:08:05 AM:__main__:25 scraped for "python"
10/13/2020 11:08:05 AM:__main__:Saving python posts data to csv
10/13/2020 11:08:05 AM:__main__:Saving python comments data to csv
10/13/2020 11:08:05 AM:__main__:PROGRAM FINISHED
